
Showing logs for build [32mcb-kubecd-environment-pr-170-45-ngj4q-1[0m stage [32mfrom-build-pack[0m and container [32mstep-credential-initializer-wn82f[0m
{"level":"warn","ts":1583024381.1336102,"logger":"fallback-logger","caller":"logging/config.go:69","msg":"Fetch GitHub commit ID from kodata failed: \"ref: refs/heads/0.8.0-**-support-backwards-incompats\" is not a valid GitHub commit ID"}
{"level":"info","ts":1583024381.1346915,"logger":"fallback-logger","caller":"creds-init/main.go:40","msg":"Credentials initialized."}

Showing logs for build [32mcb-kubecd-environment-pr-170-45-ngj4q-1[0m stage [32mfrom-build-pack[0m and container [32mstep-working-dir-initializer-x5xl8[0m
{"level":"warn","ts":1583024382.588221,"logger":"fallback-logger","caller":"logging/config.go:69","msg":"Fetch GitHub commit ID from kodata failed: open /var/run/ko/HEAD: no such file or directory"}
{"level":"info","ts":1583024382.590194,"logger":"fallback-logger","caller":"bash/main.go:64","msg":"Successfully executed command \"sh -c mkdir -p /workspace/source\"; output "}

Showing logs for build [32mcb-kubecd-environment-pr-170-45-ngj4q-1[0m stage [32mfrom-build-pack[0m and container [32mstep-place-tools[0m

Showing logs for build [32mcb-kubecd-environment-pr-170-45-ngj4q-1[0m stage [32mfrom-build-pack[0m and container [32mstep-git-source-cb-kubecd-environment-pr-170-45-ngj4q-2d4t8[0m
{"level":"warn","ts":1583024387.7455437,"logger":"fallback-logger","caller":"logging/config.go:69","msg":"Fetch GitHub commit ID from kodata failed: \"ref: refs/heads/0.8.0-**-support-backwards-incompats\" is not a valid GitHub commit ID"}
{"level":"info","ts":1583024388.7843769,"logger":"fallback-logger","caller":"git/git.go:103","msg":"Successfully cloned https://github.com/cb-kubecd/environment-pr-170-45-boot-gke-staging.git @ master in path /workspace/source"}

Showing logs for build [32mcb-kubecd-environment-pr-170-45-ngj4q-1[0m stage [32mfrom-build-pack[0m and container [32mstep-git-merge[0m
Using SHAs from PULL_REFS=master:a6caac6eb9fc3eab3d6febfbd550de7edb14fd60,3:e23149a2a448b9e6f5e81cef11e09ce3f53a811d
DEBUG: LC_ALL=C JX_LOG_LEVEL=error git fetch origin --unshallow e23149a2a448b9e6f5e81cef11e09ce3f53a811d: a6caac6eb9fc3eab3d6febfbd550de7edb14fd60:
DEBUG: ran git fetch --unshallow origin e23149a2a448b9e6f5e81cef11e09ce3f53a811d: a6caac6eb9fc3eab3d6febfbd550de7edb14fd60: in 
DEBUG: LC_ALL=C JX_LOG_LEVEL=error git branch
DEBUG: LC_ALL=C JX_LOG_LEVEL=error git checkout master
DEBUG: ran git checkout master in 
DEBUG: LC_ALL=C JX_LOG_LEVEL=error git reset --hard a6caac6eb9fc3eab3d6febfbd550de7edb14fd60
DEBUG: ran git reset --hard a6caac6eb9fc3eab3d6febfbd550de7edb14fd60 in 
DEBUG: LC_ALL=C JX_LOG_LEVEL=error git clean -fd .
DEBUG: ran clean --force -d . in 
DEBUG: LC_ALL=C JX_LOG_LEVEL=error git merge e23149a2a448b9e6f5e81cef11e09ce3f53a811d
DEBUG: ran git merge e23149a2a448b9e6f5e81cef11e09ce3f53a811d in 
DEBUG: LC_ALL=C JX_LOG_LEVEL=error git log --format=%H%x1f%an%x1f%ae%x1f%cn%x1f%ce%x1f%s%n%b%x1e a6caac6eb9fc3eab3d6febfbd550de7edb14fd60..HEAD
Merged SHA e23149a2a448b9e6f5e81cef11e09ce3f53a811d with commit message 'chore: Promote bdd-sbhg-1583023381 to version 0.0.1' into base branch master

Showing logs for build [32mcb-kubecd-environment-pr-170-45-ngj4q-1[0m stage [32mfrom-build-pack[0m and container [32mstep-build-helm-build[0m
WARNING: No $CHART_REPOSITORY defined so using the default value of: http://jenkins-x-chartmuseum:8080
Adding missing Helm repo: storage.googleapis.com https://storage.googleapis.com/chartmuseum.jenkins-x.io
WARNING: No secrets found on "helm/repos" due: reading the secret "helm/repos" from vault: no secret "helm/repos" not found in vault
Read credentials for https://storage.googleapis.com/chartmuseum.jenkins-x.io from vault helm/repos
Successfully added Helm repository storage.googleapis.com.
Adding missing Helm repo: jenkins-x-chartmuseum http://jenkins-x-chartmuseum:8080
WARNING: No secrets found on "helm/repos" due: reading the secret "helm/repos" from vault: no secret "helm/repos" not found in vault
Read credentials for http://jenkins-x-chartmuseum:8080 from vault helm/repos
Successfully added Helm repository jenkins-x-chartmuseum.
WARNING: No $CHART_REPOSITORY defined so using the default value of: http://jenkins-x-chartmuseum:8080
Adding missing Helm repo: chartmuseum.jenkins-x.io http://chartmuseum.jenkins-x.io
WARNING: No secrets found on "helm/repos" due: reading the secret "helm/repos" from vault: no secret "helm/repos" not found in vault
Read credentials for http://chartmuseum.jenkins-x.io from vault helm/repos
Successfully added Helm repository chartmuseum.jenkins-x.io.
