
Showing logs for build [32mcb-kubecd-environment-pr-170-45-zxxc2-1[0m stage [32mfrom-build-pack[0m and container [32mstep-credential-initializer-b9m55[0m
{"level":"warn","ts":1583026938.8236296,"logger":"fallback-logger","caller":"logging/config.go:69","msg":"Fetch GitHub commit ID from kodata failed: \"ref: refs/heads/0.8.0-**-support-backwards-incompats\" is not a valid GitHub commit ID"}
{"level":"info","ts":1583026938.8240821,"logger":"fallback-logger","caller":"creds-init/main.go:40","msg":"Credentials initialized."}

Showing logs for build [32mcb-kubecd-environment-pr-170-45-zxxc2-1[0m stage [32mfrom-build-pack[0m and container [32mstep-working-dir-initializer-frsln[0m
{"level":"warn","ts":1583026940.026032,"logger":"fallback-logger","caller":"logging/config.go:69","msg":"Fetch GitHub commit ID from kodata failed: open /var/run/ko/HEAD: no such file or directory"}
{"level":"info","ts":1583026940.0277774,"logger":"fallback-logger","caller":"bash/main.go:64","msg":"Successfully executed command \"sh -c mkdir -p /workspace/source\"; output "}

Showing logs for build [32mcb-kubecd-environment-pr-170-45-zxxc2-1[0m stage [32mfrom-build-pack[0m and container [32mstep-place-tools[0m

Showing logs for build [32mcb-kubecd-environment-pr-170-45-zxxc2-1[0m stage [32mfrom-build-pack[0m and container [32mstep-git-source-cb-kubecd-environment-pr-170-45-zxxc2-rskts[0m
{"level":"warn","ts":1583026945.196198,"logger":"fallback-logger","caller":"logging/config.go:69","msg":"Fetch GitHub commit ID from kodata failed: \"ref: refs/heads/0.8.0-**-support-backwards-incompats\" is not a valid GitHub commit ID"}
{"level":"info","ts":1583026946.2449973,"logger":"fallback-logger","caller":"git/git.go:103","msg":"Successfully cloned https://github.com/cb-kubecd/environment-pr-170-45-boot-gke-staging.git @ master in path /workspace/source"}

Showing logs for build [32mcb-kubecd-environment-pr-170-45-zxxc2-1[0m stage [32mfrom-build-pack[0m and container [32mstep-git-merge[0m
Using SHAs from PULL_REFS=master:128fd5c7017f0da6562f0a2bf9b7799cf904529f,7:aa0e8b0c9a26c1c1be0b10a03a15fc752a42a7ab
DEBUG: LC_ALL=C JX_LOG_LEVEL=error git fetch origin --unshallow aa0e8b0c9a26c1c1be0b10a03a15fc752a42a7ab: 128fd5c7017f0da6562f0a2bf9b7799cf904529f:
DEBUG: ran git fetch --unshallow origin aa0e8b0c9a26c1c1be0b10a03a15fc752a42a7ab: 128fd5c7017f0da6562f0a2bf9b7799cf904529f: in 
DEBUG: LC_ALL=C JX_LOG_LEVEL=error git branch
DEBUG: LC_ALL=C JX_LOG_LEVEL=error git checkout master
DEBUG: ran git checkout master in 
DEBUG: LC_ALL=C JX_LOG_LEVEL=error git reset --hard 128fd5c7017f0da6562f0a2bf9b7799cf904529f
DEBUG: ran git reset --hard 128fd5c7017f0da6562f0a2bf9b7799cf904529f in 
DEBUG: JX_LOG_LEVEL=error LC_ALL=C git clean -fd .
DEBUG: ran clean --force -d . in 
DEBUG: LC_ALL=C JX_LOG_LEVEL=error git merge aa0e8b0c9a26c1c1be0b10a03a15fc752a42a7ab
DEBUG: ran git merge aa0e8b0c9a26c1c1be0b10a03a15fc752a42a7ab in 
DEBUG: JX_LOG_LEVEL=error LC_ALL=C git log --format=%H%x1f%an%x1f%ae%x1f%cn%x1f%ce%x1f%s%n%b%x1e 128fd5c7017f0da6562f0a2bf9b7799cf904529f..HEAD
Merged SHA aa0e8b0c9a26c1c1be0b10a03a15fc752a42a7ab with commit message 'chore: Promote bdd-ghf**y-import-1583025619 to version 0.0.1' into base branch master

Showing logs for build [32mcb-kubecd-environment-pr-170-45-zxxc2-1[0m stage [32mfrom-build-pack[0m and container [32mstep-build-helm-build[0m
WARNING: No $CHART_REPOSITORY defined so using the default value of: http://jenkins-x-chartmuseum:8080
Adding missing Helm repo: storage.googleapis.com https://storage.googleapis.com/chartmuseum.jenkins-x.io
WARNING: No secrets found on "helm/repos" due: reading the secret "helm/repos" from vault: no secret "helm/repos" not found in vault
Read credentials for https://storage.googleapis.com/chartmuseum.jenkins-x.io from vault helm/repos
Successfully added Helm repository storage.googleapis.com.
Adding missing Helm repo: jenkins-x-chartmuseum http://jenkins-x-chartmuseum:8080
WARNING: No secrets found on "helm/repos" due: reading the secret "helm/repos" from vault: no secret "helm/repos" not found in vault
Read credentials for http://jenkins-x-chartmuseum:8080 from vault helm/repos
Successfully added Helm repository jenkins-x-chartmuseum.
WARNING: No $CHART_REPOSITORY defined so using the default value of: http://jenkins-x-chartmuseum:8080
Adding missing Helm repo: chartmuseum.jenkins-x.io http://chartmuseum.jenkins-x.io
WARNING: No secrets found on "helm/repos" due: reading the secret "helm/repos" from vault: no secret "helm/repos" not found in vault
Read credentials for http://chartmuseum.jenkins-x.io from vault helm/repos
Successfully added Helm repository chartmuseum.jenkins-x.io.
