
Showing logs for build [32mcb-kubecd-environment-pr-170-45-hk4x5-1[0m stage [32mfrom-build-pack[0m and container [32mstep-credential-initializer-gzpw7[0m
{"level":"warn","ts":1583023640.6606126,"logger":"fallback-logger","caller":"logging/config.go:69","msg":"Fetch GitHub commit ID from kodata failed: \"ref: refs/heads/0.8.0-**-support-backwards-incompats\" is not a valid GitHub commit ID"}
{"level":"info","ts":1583023640.6616447,"logger":"fallback-logger","caller":"creds-init/main.go:40","msg":"Credentials initialized."}

Showing logs for build [32mcb-kubecd-environment-pr-170-45-hk4x5-1[0m stage [32mfrom-build-pack[0m and container [32mstep-working-dir-initializer-n5l7f[0m
{"level":"warn","ts":1583023642.2346482,"logger":"fallback-logger","caller":"logging/config.go:69","msg":"Fetch GitHub commit ID from kodata failed: open /var/run/ko/HEAD: no such file or directory"}
{"level":"info","ts":1583023642.2364233,"logger":"fallback-logger","caller":"bash/main.go:64","msg":"Successfully executed command \"sh -c mkdir -p /workspace/source\"; output "}

Showing logs for build [32mcb-kubecd-environment-pr-170-45-hk4x5-1[0m stage [32mfrom-build-pack[0m and container [32mstep-place-tools[0m

Showing logs for build [32mcb-kubecd-environment-pr-170-45-hk4x5-1[0m stage [32mfrom-build-pack[0m and container [32mstep-git-source-cb-kubecd-environment-pr-170-45-hk4x5-7l8qw[0m
{"level":"warn","ts":1583023647.456331,"logger":"fallback-logger","caller":"logging/config.go:69","msg":"Fetch GitHub commit ID from kodata failed: \"ref: refs/heads/0.8.0-**-support-backwards-incompats\" is not a valid GitHub commit ID"}
{"level":"info","ts":1583023648.5713954,"logger":"fallback-logger","caller":"git/git.go:103","msg":"Successfully cloned https://github.com/cb-kubecd/environment-pr-170-45-boot-gke-staging.git @ master in path /workspace/source"}

Showing logs for build [32mcb-kubecd-environment-pr-170-45-hk4x5-1[0m stage [32mfrom-build-pack[0m and container [32mstep-git-merge[0m
Using SHAs from PULL_REFS=master:770af9655838147e976e78d4227ac48a6e1d97e1,2:f1e2d96c2a5357e9368078b0a51e9fd57958cd37
DEBUG: LC_ALL=C JX_LOG_LEVEL=error git fetch origin --unshallow f1e2d96c2a5357e9368078b0a51e9fd57958cd37: 770af9655838147e976e78d4227ac48a6e1d97e1:
DEBUG: ran git fetch --unshallow origin f1e2d96c2a5357e9368078b0a51e9fd57958cd37: 770af9655838147e976e78d4227ac48a6e1d97e1: in 
DEBUG: LC_ALL=C JX_LOG_LEVEL=error git branch
DEBUG: JX_LOG_LEVEL=error LC_ALL=C git checkout master
DEBUG: ran git checkout master in 
DEBUG: LC_ALL=C JX_LOG_LEVEL=error git reset --hard 770af9655838147e976e78d4227ac48a6e1d97e1
DEBUG: ran git reset --hard 770af9655838147e976e78d4227ac48a6e1d97e1 in 
DEBUG: LC_ALL=C JX_LOG_LEVEL=error git clean -fd .
DEBUG: ran clean --force -d . in 
DEBUG: JX_LOG_LEVEL=error LC_ALL=C git merge f1e2d96c2a5357e9368078b0a51e9fd57958cd37
DEBUG: ran git merge f1e2d96c2a5357e9368078b0a51e9fd57958cd37 in 
DEBUG: LC_ALL=C JX_LOG_LEVEL=error git log --format=%H%x1f%an%x1f%ae%x1f%cn%x1f%ce%x1f%s%n%b%x1e 770af9655838147e976e78d4227ac48a6e1d97e1..HEAD
Merged SHA f1e2d96c2a5357e9368078b0a51e9fd57958cd37 with commit message 'chore: Promote bdd-gh-1583023381 to version 0.0.1' into base branch master

Showing logs for build [32mcb-kubecd-environment-pr-170-45-hk4x5-1[0m stage [32mfrom-build-pack[0m and container [32mstep-build-helm-build[0m
WARNING: No $CHART_REPOSITORY defined so using the default value of: http://jenkins-x-chartmuseum:8080
Adding missing Helm repo: storage.googleapis.com https://storage.googleapis.com/chartmuseum.jenkins-x.io
WARNING: No secrets found on "helm/repos" due: reading the secret "helm/repos" from vault: no secret "helm/repos" not found in vault
Read credentials for https://storage.googleapis.com/chartmuseum.jenkins-x.io from vault helm/repos
Successfully added Helm repository storage.googleapis.com.
Adding missing Helm repo: jenkins-x-chartmuseum http://jenkins-x-chartmuseum:8080
WARNING: No secrets found on "helm/repos" due: reading the secret "helm/repos" from vault: no secret "helm/repos" not found in vault
Read credentials for http://jenkins-x-chartmuseum:8080 from vault helm/repos
Successfully added Helm repository jenkins-x-chartmuseum.
WARNING: No $CHART_REPOSITORY defined so using the default value of: http://jenkins-x-chartmuseum:8080
Adding missing Helm repo: chartmuseum.jenkins-x.io http://chartmuseum.jenkins-x.io
WARNING: No secrets found on "helm/repos" due: reading the secret "helm/repos" from vault: no secret "helm/repos" not found in vault
Read credentials for http://chartmuseum.jenkins-x.io from vault helm/repos
Successfully added Helm repository chartmuseum.jenkins-x.io.
