
Showing logs for build [32mcb-kubecd-environment-pr-170-45-ls7vc-1[0m stage [32mfrom-build-pack[0m and container [32mstep-credential-initializer-rgksw[0m
{"level":"warn","ts":1583025896.1567733,"logger":"fallback-logger","caller":"logging/config.go:69","msg":"Fetch GitHub commit ID from kodata failed: \"ref: refs/heads/0.8.0-**-support-backwards-incompats\" is not a valid GitHub commit ID"}
{"level":"info","ts":1583025896.1574142,"logger":"fallback-logger","caller":"creds-init/main.go:40","msg":"Credentials initialized."}

Showing logs for build [32mcb-kubecd-environment-pr-170-45-ls7vc-1[0m stage [32mfrom-build-pack[0m and container [32mstep-working-dir-initializer-dtvrd[0m
{"level":"warn","ts":1583025897.7693942,"logger":"fallback-logger","caller":"logging/config.go:69","msg":"Fetch GitHub commit ID from kodata failed: open /var/run/ko/HEAD: no such file or directory"}
{"level":"info","ts":1583025897.77087,"logger":"fallback-logger","caller":"bash/main.go:64","msg":"Successfully executed command \"sh -c mkdir -p /workspace/source\"; output "}

Showing logs for build [32mcb-kubecd-environment-pr-170-45-ls7vc-1[0m stage [32mfrom-build-pack[0m and container [32mstep-place-tools[0m

Showing logs for build [32mcb-kubecd-environment-pr-170-45-ls7vc-1[0m stage [32mfrom-build-pack[0m and container [32mstep-git-source-cb-kubecd-environment-pr-170-45-ls7vc-7bm4n[0m
{"level":"warn","ts":1583025901.9666572,"logger":"fallback-logger","caller":"logging/config.go:69","msg":"Fetch GitHub commit ID from kodata failed: \"ref: refs/heads/0.8.0-**-support-backwards-incompats\" is not a valid GitHub commit ID"}
{"level":"info","ts":1583025903.028919,"logger":"fallback-logger","caller":"git/git.go:103","msg":"Successfully cloned https://github.com/cb-kubecd/environment-pr-170-45-boot-gke-staging.git @ master in path /workspace/source"}

Showing logs for build [32mcb-kubecd-environment-pr-170-45-ls7vc-1[0m stage [32mfrom-build-pack[0m and container [32mstep-git-merge[0m
Using SHAs from PULL_REFS=master:3bf5972ad4d27dfab3bdf11acd00f04d0601f403,5:645b7db7e2ca6b8af1262b436f97bf8375818847
DEBUG: LC_ALL=C JX_LOG_LEVEL=error git fetch origin --unshallow 645b7db7e2ca6b8af1262b436f97bf8375818847: 3bf5972ad4d27dfab3bdf11acd00f04d0601f403:
DEBUG: ran git fetch --unshallow origin 645b7db7e2ca6b8af1262b436f97bf8375818847: 3bf5972ad4d27dfab3bdf11acd00f04d0601f403: in 
DEBUG: LC_ALL=C JX_LOG_LEVEL=error git branch
DEBUG: LC_ALL=C JX_LOG_LEVEL=error git checkout master
DEBUG: ran git checkout master in 
DEBUG: LC_ALL=C JX_LOG_LEVEL=error git reset --hard 3bf5972ad4d27dfab3bdf11acd00f04d0601f403
DEBUG: ran git reset --hard 3bf5972ad4d27dfab3bdf11acd00f04d0601f403 in 
DEBUG: LC_ALL=C JX_LOG_LEVEL=error git clean -fd .
DEBUG: ran clean --force -d . in 
DEBUG: LC_ALL=C JX_LOG_LEVEL=error git merge 645b7db7e2ca6b8af1262b436f97bf8375818847
DEBUG: ran git merge 645b7db7e2ca6b8af1262b436f97bf8375818847 in 
DEBUG: LC_ALL=C JX_LOG_LEVEL=error git log --format=%H%x1f%an%x1f%ae%x1f%cn%x1f%ce%x1f%s%n%b%x1e 3bf5972ad4d27dfab3bdf11acd00f04d0601f403..HEAD
Merged SHA 645b7db7e2ca6b8af1262b436f97bf8375818847 with commit message 'chore: Promote bdd-nh-import-1583025619 to version 0.0.1' into base branch master

Showing logs for build [32mcb-kubecd-environment-pr-170-45-ls7vc-1[0m stage [32mfrom-build-pack[0m and container [32mstep-build-helm-build[0m
WARNING: No $CHART_REPOSITORY defined so using the default value of: http://jenkins-x-chartmuseum:8080
Adding missing Helm repo: storage.googleapis.com https://storage.googleapis.com/chartmuseum.jenkins-x.io
WARNING: No secrets found on "helm/repos" due: reading the secret "helm/repos" from vault: no secret "helm/repos" not found in vault
Read credentials for https://storage.googleapis.com/chartmuseum.jenkins-x.io from vault helm/repos
Successfully added Helm repository storage.googleapis.com.
Adding missing Helm repo: jenkins-x-chartmuseum http://jenkins-x-chartmuseum:8080
WARNING: No secrets found on "helm/repos" due: reading the secret "helm/repos" from vault: no secret "helm/repos" not found in vault
Read credentials for http://jenkins-x-chartmuseum:8080 from vault helm/repos
Successfully added Helm repository jenkins-x-chartmuseum.
WARNING: No $CHART_REPOSITORY defined so using the default value of: http://jenkins-x-chartmuseum:8080
Adding missing Helm repo: chartmuseum.jenkins-x.io http://chartmuseum.jenkins-x.io
WARNING: No secrets found on "helm/repos" due: reading the secret "helm/repos" from vault: no secret "helm/repos" not found in vault
Read credentials for http://chartmuseum.jenkins-x.io from vault helm/repos
Successfully added Helm repository chartmuseum.jenkins-x.io.
